<?xml version="1.0" encoding="UTF-8"?>
<!-- Generated by org.testng.reporters.JUnitXMLReporter -->
<testsuite hostname="CBT-033" name="Test" tests="2" failures="1" timestamp="3 Sep 2016 13:01:08 GMT" time="21.494" errors="0">
  <testcase name="testScenarios" time="0.005" classname="delta.main.DeltaDrive">
    <skipped/>
  </testcase> <!-- testScenarios -->
  <testcase name="testScenarios" time="0.0" classname="delta.main.DeltaDrive">
    <failure type="java.lang.NullPointerException">
      <![CDATA[java.lang.NullPointerException
	at delta.main.DeltaDrive.testScenarios(DeltaDrive.java:68)
... Removed 23 stack frames]]>
    </failure>
  </testcase> <!-- testScenarios -->
</testsuite> <!-- Test -->
